<?xml version="1.0" encoding="UTF-8"?>
<testsuite name="ru.alfabank.eco.tutorial.movie.MovieApplicationTests" tests="1" skipped="0" failures="0" errors="0" timestamp="2021-06-02T18:07:31" hostname="MacBook-Pro-Ajnur.local" time="0.286">
  <properties/>
  <testcase name="contextLoads()" classname="ru.alfabank.eco.tutorial.movie.MovieApplicationTests" time="0.286"/>
  <system-out><![CDATA[21:07:22.162 [Test worker] DEBUG org.springframework.test.context.BootstrapUtils - Instantiating CacheAwareContextLoaderDelegate from class [org.springframework.test.context.cache.DefaultCacheAwareContextLoaderDelegate]
21:07:22.174 [Test worker] DEBUG org.springframework.test.context.BootstrapUtils - Instantiating BootstrapContext using constructor [public org.springframework.test.context.support.DefaultBootstrapContext(java.lang.Class,org.springframework.test.context.CacheAwareContextLoaderDelegate)]
21:07:22.230 [Test worker] DEBUG org.springframework.test.context.BootstrapUtils - Instantiating TestContextBootstrapper for test class [ru.alfabank.eco.tutorial.movie.MovieApplicationTests] from class [org.springframework.boot.test.context.SpringBootTestContextBootstrapper]
21:07:22.245 [Test worker] INFO org.springframework.boot.test.context.SpringBootTestContextBootstrapper - Neither @ContextConfiguration nor @ContextHierarchy found for test class [ru.alfabank.eco.tutorial.movie.MovieApplicationTests], using SpringBootContextLoader
21:07:22.249 [Test worker] DEBUG org.springframework.test.context.support.AbstractContextLoader - Did not detect default resource location for test class [ru.alfabank.eco.tutorial.movie.MovieApplicationTests]: class path resource [ru/alfabank/eco/tutorial/movie/MovieApplicationTests-context.xml] does not exist
21:07:22.252 [Test worker] DEBUG org.springframework.test.context.support.AbstractContextLoader - Did not detect default resource location for test class [ru.alfabank.eco.tutorial.movie.MovieApplicationTests]: class path resource [ru/alfabank/eco/tutorial/movie/MovieApplicationTestsContext.groovy] does not exist
21:07:22.253 [Test worker] INFO org.springframework.test.context.support.AbstractContextLoader - Could not detect default resource locations for test class [ru.alfabank.eco.tutorial.movie.MovieApplicationTests]: no resource found for suffixes {-context.xml, Context.groovy}.
21:07:22.254 [Test worker] INFO org.springframework.test.context.support.AnnotationConfigContextLoaderUtils - Could not detect default configuration classes for test class [ru.alfabank.eco.tutorial.movie.MovieApplicationTests]: MovieApplicationTests does not declare any static, non-private, non-final, nested classes annotated with @Configuration.
21:07:22.321 [Test worker] DEBUG org.springframework.test.context.support.ActiveProfilesUtils - Could not find an 'annotation declaring class' for annotation type [org.springframework.test.context.ActiveProfiles] and class [ru.alfabank.eco.tutorial.movie.MovieApplicationTests]
21:07:22.485 [Test worker] DEBUG org.springframework.context.annotation.ClassPathScanningCandidateComponentProvider - Identified candidate component class: file [/Users/agimranov/Projects/movie/build/classes/java/main/ru/alfabank/eco/tutorial/movie/MovieApplication.class]
21:07:22.489 [Test worker] INFO org.springframework.boot.test.context.SpringBootTestContextBootstrapper - Found @SpringBootConfiguration ru.alfabank.eco.tutorial.movie.MovieApplication for test class ru.alfabank.eco.tutorial.movie.MovieApplicationTests
21:07:22.599 [Test worker] DEBUG org.springframework.boot.test.context.SpringBootTestContextBootstrapper - @TestExecutionListeners is not present for class [ru.alfabank.eco.tutorial.movie.MovieApplicationTests]: using defaults.
21:07:22.600 [Test worker] INFO org.springframework.boot.test.context.SpringBootTestContextBootstrapper - Loaded default TestExecutionListener class names from location [META-INF/spring.factories]: [org.springframework.boot.test.autoconfigure.restdocs.RestDocsTestExecutionListener, org.springframework.boot.test.autoconfigure.web.client.MockRestServiceServerResetTestExecutionListener, org.springframework.boot.test.autoconfigure.web.servlet.MockMvcPrintOnlyOnFailureTestExecutionListener, org.springframework.boot.test.autoconfigure.web.servlet.WebDriverTestExecutionListener, org.springframework.boot.test.autoconfigure.webservices.client.MockWebServiceServerTestExecutionListener, org.springframework.boot.test.mock.mockito.MockitoTestExecutionListener, org.springframework.boot.test.mock.mockito.ResetMocksTestExecutionListener, org.springframework.test.context.web.ServletTestExecutionListener, org.springframework.test.context.support.DirtiesContextBeforeModesTestExecutionListener, org.springframework.test.context.event.ApplicationEventsTestExecutionListener, org.springframework.test.context.support.DependencyInjectionTestExecutionListener, org.springframework.test.context.support.DirtiesContextTestExecutionListener, org.springframework.test.context.transaction.TransactionalTestExecutionListener, org.springframework.test.context.jdbc.SqlScriptsTestExecutionListener, org.springframework.test.context.event.EventPublishingTestExecutionListener]
21:07:22.614 [Test worker] DEBUG org.springframework.boot.test.context.SpringBootTestContextBootstrapper - Skipping candidate TestExecutionListener [org.springframework.test.context.transaction.TransactionalTestExecutionListener] due to a missing dependency. Specify custom listener classes or make the default listener classes and their required dependencies available. Offending class: [org/springframework/transaction/interceptor/TransactionAttributeSource]
21:07:22.615 [Test worker] DEBUG org.springframework.boot.test.context.SpringBootTestContextBootstrapper - Skipping candidate TestExecutionListener [org.springframework.test.context.jdbc.SqlScriptsTestExecutionListener] due to a missing dependency. Specify custom listener classes or make the default listener classes and their required dependencies available. Offending class: [org/springframework/transaction/interceptor/TransactionAttribute]
21:07:22.615 [Test worker] INFO org.springframework.boot.test.context.SpringBootTestContextBootstrapper - Using TestExecutionListeners: [org.springframework.test.context.web.ServletTestExecutionListener@44c2d81f, org.springframework.test.context.support.DirtiesContextBeforeModesTestExecutionListener@3b6d21d8, org.springframework.test.context.event.ApplicationEventsTestExecutionListener@5256974f, org.springframework.boot.test.mock.mockito.MockitoTestExecutionListener@75b658d3, org.springframework.boot.test.autoconfigure.SpringBootDependencyInjectionTestExecutionListener@27e6645a, org.springframework.test.context.support.DirtiesContextTestExecutionListener@7557f29f, org.springframework.test.context.event.EventPublishingTestExecutionListener@13ddff95, org.springframework.boot.test.autoconfigure.restdocs.RestDocsTestExecutionListener@54ea4dfd, org.springframework.boot.test.autoconfigure.web.client.MockRestServiceServerResetTestExecutionListener@40ba378e, org.springframework.boot.test.autoconfigure.web.servlet.MockMvcPrintOnlyOnFailureTestExecutionListener@ab3e60c, org.springframework.boot.test.autoconfigure.web.servlet.WebDriverTestExecutionListener@766e9198, org.springframework.boot.test.autoconfigure.webservices.client.MockWebServiceServerTestExecutionListener@70edaf0d, org.springframework.boot.test.mock.mockito.ResetMocksTestExecutionListener@61faf0d9]
21:07:22.619 [Test worker] DEBUG org.springframework.test.context.support.AbstractDirtiesContextTestExecutionListener - Before test class: context [DefaultTestContext@11249ce8 testClass = MovieApplicationTests, testInstance = [null], testMethod = [null], testException = [null], mergedContextConfiguration = [WebMergedContextConfiguration@76ed7455 testClass = MovieApplicationTests, locations = '{}', classes = '{class ru.alfabank.eco.tutorial.movie.MovieApplication}', contextInitializerClasses = '[]', activeProfiles = '{}', propertySourceLocations = '{}', propertySourceProperties = '{org.springframework.boot.test.context.SpringBootTestContextBootstrapper=true}', contextCustomizers = set[org.springframework.boot.test.autoconfigure.actuate.metrics.MetricsExportContextCustomizerFactory$DisableMetricExportContextCustomizer@4fdef5c5, org.springframework.boot.test.autoconfigure.properties.PropertyMappingContextCustomizer@0, org.springframework.boot.test.autoconfigure.web.servlet.WebDriverContextCustomizerFactory$Customizer@7a0e54c9, org.springframework.boot.test.context.filter.ExcludeFilterContextCustomizer@5dfada1b, org.springframework.boot.test.json.DuplicateJsonObjectContextCustomizerFactory$DuplicateJsonObjectContextCustomizer@6c1576c4, org.springframework.boot.test.mock.mockito.MockitoContextCustomizer@0, org.springframework.boot.test.web.client.TestRestTemplateContextCustomizer@1cfea3c9, org.springframework.boot.test.context.SpringBootTestArgs@1, org.springframework.boot.test.context.SpringBootTestWebEnvironment@667a6d16], resourceBasePath = 'src/main/webapp', contextLoader = 'org.springframework.boot.test.context.SpringBootContextLoader', parent = [null]], attributes = map['org.springframework.test.context.web.ServletTestExecutionListener.activateListener' -> true]], class annotated with @DirtiesContext [false] with mode [null].
21:07:22.666 [Test worker] DEBUG org.springframework.test.context.support.TestPropertySourceUtils - Adding inlined properties to environment: {spring.jmx.enabled=false, org.springframework.boot.test.context.SpringBootTestContextBootstrapper=true}

  .   ____          _            __ _ _
 /\\ / ___'_ __ _ _(_)_ __  __ _ \ \ \ \
( ( )\___ | '_ | '_| | '_ \/ _` | \ \ \ \
 \\/  ___)| |_)| | | | | || (_| |  ) ) ) )
  '  |____| .__|_| |_|_| |_\__, | / / / /
 =========|_|==============|___/=/_/_/_/
 :: Spring Boot ::                (v2.5.0)

2021-06-02 21:07:28.341  INFO 9175 --- [    Test worker] r.a.e.t.movie.MovieApplicationTests      : Starting MovieApplicationTests using Java 11.0.11 on MacBook-Pro-Ajnur.local with PID 9175 (started by agimranov in /Users/agimranov/Projects/movie)
2021-06-02 21:07:28.361  INFO 9175 --- [    Test worker] r.a.e.t.movie.MovieApplicationTests      : No active profile set, falling back to default profiles: default
2021-06-02 21:07:31.000  INFO 9175 --- [    Test worker] r.a.e.t.movie.MovieApplicationTests      : Started MovieApplicationTests in 8.323 seconds (JVM running for 10.053)
2021-06-02 21:07:31.003  INFO 9175 --- [    Test worker] o.s.b.a.ApplicationAvailabilityBean      : Application availability state LivenessState changed to CORRECT
2021-06-02 21:07:31.005  INFO 9175 --- [    Test worker] o.s.b.a.ApplicationAvailabilityBean      : Application availability state ReadinessState changed to ACCEPTING_TRAFFIC
]]></system-out>
  <system-err><![CDATA[]]></system-err>
</testsuite>
